<?xml version="1.0" encoding="UTF-8"?>
<robot generator="Robot 6.0.2 (Python 3.11.1 on win32)" generated="20230408 16:40:54.192" rpa="false" schemaversion="3">
<suite id="s1" name="Swag-Labs" source="C:\Users\ASUS TUF\Pictures\faii\automate\swag-labs">
<suite id="s1-s1" name="TestCase" source="C:\Users\ASUS TUF\Pictures\faii\automate\swag-labs\TestCase">
<suite id="s1-s1-s1" name="LoginClient" source="C:\Users\ASUS TUF\Pictures\faii\automate\swag-labs\TestCase\LoginClient.robot">
<test id="s1-s1-s1-t1" name="[Func][UI][Client][Login]" line="7">
<kw name="Go to Client Login Page" library="ClientKeyword">
<kw name="Open Browser" library="SeleniumLibrary">
<arg>${URL_SWAG_LABS}</arg>
<arg>chrome</arg>
<doc>Opens a new browser instance to the optional ``url``.</doc>
<msg timestamp="20230408 16:40:54.463" level="INFO">Opening browser 'chrome' to base url 'https://www.saucedemo.com/'.</msg>
<status status="PASS" starttime="20230408 16:40:54.463" endtime="20230408 16:40:56.426"/>
</kw>
<kw name="Set Window Size" library="SeleniumLibrary">
<arg>1920</arg>
<arg>1080</arg>
<doc>Sets current windows size to given ``width`` and ``height``.</doc>
<status status="PASS" starttime="20230408 16:40:56.426" endtime="20230408 16:40:56.532"/>
</kw>
<kw name="Sleep" library="BuiltIn">
<arg>0.5s</arg>
<doc>Pauses the test executed for the given time.</doc>
<msg timestamp="20230408 16:40:57.033" level="INFO">Slept 500 milliseconds</msg>
<status status="PASS" starttime="20230408 16:40:56.532" endtime="20230408 16:40:57.033"/>
</kw>
<status status="PASS" starttime="20230408 16:40:54.462" endtime="20230408 16:40:57.033"/>
</kw>
<kw name="Login Swag Labs" library="ClientKeyword">
<kw name="Input Text" library="SeleniumLibrary">
<arg>${INPUT_USERNAME_XPATH_CLIENT}</arg>
<arg>${USERNAME_CLIENT1}</arg>
<doc>Types the given ``text`` into the text field identified by ``locator``.</doc>
<msg timestamp="20230408 16:40:57.036" level="INFO">Typing text 'standard_user' into text field '//input[@name='user-name']'.</msg>
<status status="PASS" starttime="20230408 16:40:57.035" endtime="20230408 16:40:57.093"/>
</kw>
<kw name="Input Text" library="SeleniumLibrary">
<arg>${INPUT_PASSWORD_XPATH_CLIENT}</arg>
<arg>${PASSWORD_CLIENT}</arg>
<doc>Types the given ``text`` into the text field identified by ``locator``.</doc>
<msg timestamp="20230408 16:40:57.093" level="INFO">Typing text 'secret_sauce' into text field '//input[@name='password']'.</msg>
<status status="PASS" starttime="20230408 16:40:57.093" endtime="20230408 16:40:57.142"/>
</kw>
<kw name="Click Element" library="SeleniumLibrary">
<arg>${BTN_LOGIN_CLIENT}</arg>
<doc>Click the element identified by ``locator``.</doc>
<msg timestamp="20230408 16:40:57.143" level="INFO">Clicking element '//input[@name='login-button']'.</msg>
<status status="PASS" starttime="20230408 16:40:57.142" endtime="20230408 16:40:57.197"/>
</kw>
<kw name="Wait Until Element Is Visible" library="SeleniumLibrary">
<arg>${SHOW_PRODUCT}</arg>
<arg>timeout=20</arg>
<doc>Waits until the element ``locator`` is visible.</doc>
<status status="PASS" starttime="20230408 16:40:57.198" endtime="20230408 16:40:57.214"/>
</kw>
<status status="PASS" starttime="20230408 16:40:57.034" endtime="20230408 16:40:57.214"/>
</kw>
<kw name="Select Product and Checkout" library="ClientKeyword">
<kw name="Click Element" library="SeleniumLibrary">
<arg>${BTN_ADD_TO_CARD_BACKPACK}</arg>
<doc>Click the element identified by ``locator``.</doc>
<msg timestamp="20230408 16:40:57.215" level="INFO">Clicking element '//div[@class='inventory_item']//div[@class='inventory_item_description']//button[@name='add-to-cart-sauce-labs-backpack']'.</msg>
<status status="PASS" starttime="20230408 16:40:57.215" endtime="20230408 16:40:57.249"/>
</kw>
<kw name="Click Element" library="SeleniumLibrary">
<arg>${BTN_CARD_ICON}</arg>
<doc>Click the element identified by ``locator``.</doc>
<msg timestamp="20230408 16:40:57.250" level="INFO">Clicking element '//div[@class='shopping_cart_container']'.</msg>
<status status="PASS" starttime="20230408 16:40:57.249" endtime="20230408 16:40:57.280"/>
</kw>
<kw name="Wait Until Element Is Visible" library="SeleniumLibrary">
<arg>${CART_LIST}</arg>
<doc>Waits until the element ``locator`` is visible.</doc>
<status status="PASS" starttime="20230408 16:40:57.281" endtime="20230408 16:40:57.298"/>
</kw>
<kw name="Click Element" library="SeleniumLibrary">
<arg>${BTN_CHECKOUT}</arg>
<doc>Click the element identified by ``locator``.</doc>
<msg timestamp="20230408 16:40:57.299" level="INFO">Clicking element '//button[@name='checkout']'.</msg>
<status status="PASS" starttime="20230408 16:40:57.298" endtime="20230408 16:40:57.329"/>
</kw>
<kw name="Input Text" library="SeleniumLibrary">
<arg>${INPUT_FIRSTNAME_XPATH_CLIENT}</arg>
<arg>${FIRSTNAME_CLIENT1}</arg>
<doc>Types the given ``text`` into the text field identified by ``locator``.</doc>
<msg timestamp="20230408 16:40:57.329" level="INFO">Typing text 'Nong' into text field '//input[@name='firstName']'.</msg>
<status status="PASS" starttime="20230408 16:40:57.329" endtime="20230408 16:40:57.383"/>
</kw>
<kw name="Input Text" library="SeleniumLibrary">
<arg>${INPUT_LASTNAME_XPATH_CLIENT}</arg>
<arg>${LASTNAME_CLIENT1}</arg>
<doc>Types the given ``text`` into the text field identified by ``locator``.</doc>
<msg timestamp="20230408 16:40:57.384" level="INFO">Typing text 'DREAMIE' into text field '//input[@name='lastName']'.</msg>
<status status="PASS" starttime="20230408 16:40:57.383" endtime="20230408 16:40:57.434"/>
</kw>
<kw name="Input Text" library="SeleniumLibrary">
<arg>${INPUT_ZIPCODE_XPATH_CLIENT}</arg>
<arg>${ZIP_CODE}</arg>
<doc>Types the given ``text`` into the text field identified by ``locator``.</doc>
<msg timestamp="20230408 16:40:57.434" level="INFO">Typing text '250816' into text field '//input[@name='postalCode']'.</msg>
<status status="PASS" starttime="20230408 16:40:57.434" endtime="20230408 16:40:57.491"/>
</kw>
<kw name="Click Element" library="SeleniumLibrary">
<arg>${BTN_CONTINUE}</arg>
<doc>Click the element identified by ``locator``.</doc>
<msg timestamp="20230408 16:40:57.492" level="INFO">Clicking element '//input[@name='continue']'.</msg>
<status status="PASS" starttime="20230408 16:40:57.491" endtime="20230408 16:40:57.529"/>
</kw>
<kw name="Wait Until Element Is Visible" library="SeleniumLibrary">
<arg>${CART_LIST}</arg>
<doc>Waits until the element ``locator`` is visible.</doc>
<status status="PASS" starttime="20230408 16:40:57.529" endtime="20230408 16:40:57.542"/>
</kw>
<kw name="Click Element" library="SeleniumLibrary">
<arg>${BTN_FINISH}</arg>
<doc>Click the element identified by ``locator``.</doc>
<msg timestamp="20230408 16:40:57.543" level="INFO">Clicking element '//button[@name='finish']'.</msg>
<status status="PASS" starttime="20230408 16:40:57.542" endtime="20230408 16:40:57.568"/>
</kw>
<kw name="Wait Until Element Is Visible" library="SeleniumLibrary">
<arg>${TEXT_CONFIRM_ORDER}</arg>
<doc>Waits until the element ``locator`` is visible.</doc>
<status status="PASS" starttime="20230408 16:40:57.568" endtime="20230408 16:40:57.582"/>
</kw>
<status status="PASS" starttime="20230408 16:40:57.214" endtime="20230408 16:40:57.583"/>
</kw>
<status status="PASS" starttime="20230408 16:40:54.460" endtime="20230408 16:40:57.583"/>
</test>
<status status="PASS" starttime="20230408 16:40:54.215" endtime="20230408 16:40:57.584"/>
</suite>
<status status="PASS" starttime="20230408 16:40:54.214" endtime="20230408 16:40:57.586"/>
</suite>
<status status="PASS" starttime="20230408 16:40:54.196" endtime="20230408 16:40:57.587"/>
</suite>
<statistics>
<total>
<stat pass="1" fail="0" skip="0">All Tests</stat>
</total>
<tag>
</tag>
<suite>
<stat pass="1" fail="0" skip="0" id="s1" name="Swag-Labs">Swag-Labs</stat>
<stat pass="1" fail="0" skip="0" id="s1-s1" name="TestCase">Swag-Labs.TestCase</stat>
<stat pass="1" fail="0" skip="0" id="s1-s1-s1" name="LoginClient">Swag-Labs.TestCase.LoginClient</stat>
</suite>
</statistics>
<errors>
</errors>
</robot>
